{"C:\\Fullstack II\\PASTELERIA_ACTU\\MilSabores-React-I\\src\\components\\ui\\AuthCard.tsx": {"path":"C:\\Fullstack II\\PASTELERIA_ACTU\\MilSabores-React-I\\src\\components\\ui\\AuthCard.tsx","statementMap":{"0":{"start":{"line":13,"column":49},"end":{"line":58,"column":null}}},"fnMap":{"0":{"name":"(anonymous_0)","decl":{"start":{"line":13,"column":49},"end":{"line":13,"column":50}},"loc":{"start":{"line":20,"column":1},"end":{"line":58,"column":null}},"line":20}},"branchMap":{},"s":{"0":1},"f":{"0":1},"b":{},"meta":{"lastBranch":0,"lastFunction":1,"lastStatement":1,"seen":{"s:13:49:58:Infinity":0,"f:13:49:13:50":0}}}
,"C:\\Fullstack II\\PASTELERIA_ACTU\\MilSabores-React-I\\src\\components\\ui\\CartItem.tsx": {"path":"C:\\Fullstack II\\PASTELERIA_ACTU\\MilSabores-React-I\\src\\components\\ui\\CartItem.tsx","statementMap":{"0":{"start":{"line":16,"column":49},"end":{"line":96,"column":null}},"1":{"start":{"line":23,"column":27},"end":{"line":25,"column":null}},"2":{"start":{"line":24,"column":8},"end":{"line":24,"column":null}},"3":{"start":{"line":27,"column":27},"end":{"line":34,"column":null}},"4":{"start":{"line":28,"column":8},"end":{"line":33,"column":null}},"5":{"start":{"line":29,"column":12},"end":{"line":29,"column":null}},"6":{"start":{"line":32,"column":12},"end":{"line":32,"column":null}},"7":{"start":{"line":88,"column":31},"end":{"line":88,"column":null}}},"fnMap":{"0":{"name":"(anonymous_0)","decl":{"start":{"line":16,"column":49},"end":{"line":16,"column":50}},"loc":{"start":{"line":20,"column":1},"end":{"line":96,"column":null}},"line":20},"1":{"name":"(anonymous_1)","decl":{"start":{"line":23,"column":27},"end":{"line":23,"column":null}},"loc":{"start":{"line":23,"column":27},"end":{"line":25,"column":null}},"line":23},"2":{"name":"(anonymous_2)","decl":{"start":{"line":27,"column":27},"end":{"line":27,"column":null}},"loc":{"start":{"line":27,"column":27},"end":{"line":34,"column":null}},"line":27},"3":{"name":"(anonymous_3)","decl":{"start":{"line":88,"column":25},"end":{"line":88,"column":31}},"loc":{"start":{"line":88,"column":31},"end":{"line":88,"column":null}},"line":88}},"branchMap":{"0":{"loc":{"start":{"line":28,"column":8},"end":{"line":33,"column":null}},"type":"if","locations":[{"start":{"line":28,"column":8},"end":{"line":33,"column":null}},{"start":{"line":30,"column":15},"end":{"line":33,"column":null}}],"line":28}},"s":{"0":1,"1":4,"2":1,"3":4,"4":2,"5":1,"6":1,"7":1},"f":{"0":4,"1":1,"2":2,"3":1},"b":{"0":[1,1]},"meta":{"lastBranch":1,"lastFunction":4,"lastStatement":8,"seen":{"s:16:49:96:Infinity":0,"f:16:49:16:50":0,"s:23:27:25:Infinity":1,"f:23:27:23:Infinity":1,"s:24:8:24:Infinity":2,"s:27:27:34:Infinity":3,"f:27:27:27:Infinity":2,"b:28:8:33:Infinity:30:15:33:Infinity":0,"s:28:8:33:Infinity":4,"s:29:12:29:Infinity":5,"s:32:12:32:Infinity":6,"f:88:25:88:31":3,"s:88:31:88:Infinity":7}}}
,"C:\\Fullstack II\\PASTELERIA_ACTU\\MilSabores-React-I\\src\\components\\ui\\OrderSummary.tsx": {"path":"C:\\Fullstack II\\PASTELERIA_ACTU\\MilSabores-React-I\\src\\components\\ui\\OrderSummary.tsx","statementMap":{"0":{"start":{"line":23,"column":57},"end":{"line":105,"column":null}}},"fnMap":{"0":{"name":"(anonymous_0)","decl":{"start":{"line":23,"column":57},"end":{"line":23,"column":58}},"loc":{"start":{"line":34,"column":1},"end":{"line":105,"column":null}},"line":34}},"branchMap":{"0":{"loc":{"start":{"line":30,"column":4},"end":{"line":30,"column":25}},"type":"default-arg","locations":[{"start":{"line":30,"column":17},"end":{"line":30,"column":25}}],"line":30},"1":{"loc":{"start":{"line":80,"column":35},"end":{"line":80,"column":null}},"type":"binary-expr","locations":[{"start":{"line":80,"column":35},"end":{"line":80,"column":48}},{"start":{"line":80,"column":48},"end":{"line":80,"column":null}}],"line":80}},"s":{"0":1},"f":{"0":2},"b":{"0":[2],"1":[0,0]},"meta":{"lastBranch":2,"lastFunction":1,"lastStatement":1,"seen":{"s:23:57:105:Infinity":0,"f:23:57:23:58":0,"b:30:17:30:25":0,"b:80:35:80:48:80:48:80:Infinity":1}}}
,"C:\\Fullstack II\\PASTELERIA_ACTU\\MilSabores-React-I\\src\\components\\ui\\ProductCard.tsx": {"path":"C:\\Fullstack II\\PASTELERIA_ACTU\\MilSabores-React-I\\src\\components\\ui\\ProductCard.tsx","statementMap":{"0":{"start":{"line":12,"column":8},"end":{"line":12,"column":null}},"1":{"start":{"line":15,"column":28},"end":{"line":17,"column":null}},"2":{"start":{"line":16,"column":4},"end":{"line":16,"column":null}},"3":{"start":{"line":20,"column":26},"end":{"line":23,"column":null}},"4":{"start":{"line":21,"column":4},"end":{"line":21,"column":25}},"5":{"start":{"line":22,"column":4},"end":{"line":22,"column":null}}},"fnMap":{"0":{"name":"ProductCard","decl":{"start":{"line":11,"column":9},"end":{"line":11,"column":21}},"loc":{"start":{"line":11,"column":68},"end":{"line":53,"column":null}},"line":11},"1":{"name":"(anonymous_1)","decl":{"start":{"line":15,"column":28},"end":{"line":15,"column":null}},"loc":{"start":{"line":15,"column":28},"end":{"line":17,"column":null}},"line":15},"2":{"name":"(anonymous_2)","decl":{"start":{"line":20,"column":26},"end":{"line":20,"column":27}},"loc":{"start":{"line":20,"column":27},"end":{"line":23,"column":null}},"line":20}},"branchMap":{},"s":{"0":3,"1":3,"2":1,"3":3,"4":1,"5":1},"f":{"0":3,"1":1,"2":1},"b":{},"meta":{"lastBranch":0,"lastFunction":3,"lastStatement":6,"seen":{"f:11:9:11:21":0,"s:12:8:12:Infinity":0,"s:15:28:17:Infinity":1,"f:15:28:15:Infinity":1,"s:16:4:16:Infinity":2,"s:20:26:23:Infinity":3,"f:20:26:20:27":2,"s:21:4:21:25":4,"s:22:4:22:Infinity":5}}}
,"C:\\Fullstack II\\PASTELERIA_ACTU\\MilSabores-React-I\\src\\components\\ui\\common\\Breadcrumb.tsx": {"path":"C:\\Fullstack II\\PASTELERIA_ACTU\\MilSabores-React-I\\src\\components\\ui\\common\\Breadcrumb.tsx","statementMap":{"0":{"start":{"line":18,"column":53},"end":{"line":45,"column":null}}},"fnMap":{"0":{"name":"(anonymous_0)","decl":{"start":{"line":18,"column":53},"end":{"line":18,"column":54}},"loc":{"start":{"line":18,"column":76},"end":{"line":45,"column":null}},"line":18}},"branchMap":{},"s":{"0":1},"f":{"0":1},"b":{},"meta":{"lastBranch":0,"lastFunction":1,"lastStatement":1,"seen":{"s:18:53:45:Infinity":0,"f:18:53:18:54":0}}}
,"C:\\Fullstack II\\PASTELERIA_ACTU\\MilSabores-React-I\\src\\components\\ui\\common\\Button.tsx": {"path":"C:\\Fullstack II\\PASTELERIA_ACTU\\MilSabores-React-I\\src\\components\\ui\\common\\Button.tsx","statementMap":{"0":{"start":{"line":15,"column":45},"end":{"line":54,"column":null}},"1":{"start":{"line":28,"column":22},"end":{"line":28,"column":null}},"2":{"start":{"line":31,"column":23},"end":{"line":31,"column":null}},"3":{"start":{"line":32,"column":4},"end":{"line":42,"column":null}},"4":{"start":{"line":34,"column":12},"end":{"line":34,"column":null}},"5":{"start":{"line":35,"column":12},"end":{"line":35,"column":null}},"6":{"start":{"line":37,"column":12},"end":{"line":37,"column":null}},"7":{"start":{"line":38,"column":12},"end":{"line":38,"column":null}},"8":{"start":{"line":40,"column":12},"end":{"line":40,"column":null}},"9":{"start":{"line":41,"column":12},"end":{"line":41,"column":null}}},"fnMap":{"0":{"name":"(anonymous_0)","decl":{"start":{"line":15,"column":45},"end":{"line":15,"column":46}},"loc":{"start":{"line":22,"column":1},"end":{"line":54,"column":null}},"line":22}},"branchMap":{"0":{"loc":{"start":{"line":18,"column":4},"end":{"line":18,"column":19}},"type":"default-arg","locations":[{"start":{"line":18,"column":11},"end":{"line":18,"column":19}}],"line":18},"1":{"loc":{"start":{"line":19,"column":4},"end":{"line":19,"column":23}},"type":"default-arg","locations":[{"start":{"line":19,"column":14},"end":{"line":19,"column":23}}],"line":19},"2":{"loc":{"start":{"line":20,"column":4},"end":{"line":20,"column":18}},"type":"default-arg","locations":[{"start":{"line":20,"column":16},"end":{"line":20,"column":18}}],"line":20},"3":{"loc":{"start":{"line":21,"column":4},"end":{"line":21,"column":20}},"type":"default-arg","locations":[{"start":{"line":21,"column":15},"end":{"line":21,"column":20}}],"line":21},"4":{"loc":{"start":{"line":32,"column":4},"end":{"line":42,"column":null}},"type":"switch","locations":[{"start":{"line":33,"column":8},"end":{"line":35,"column":null}},{"start":{"line":36,"column":8},"end":{"line":38,"column":null}},{"start":{"line":39,"column":8},"end":{"line":41,"column":null}}],"line":32}},"s":{"0":2,"1":6,"2":6,"3":6,"4":4,"5":4,"6":1,"7":1,"8":1,"9":1},"f":{"0":6},"b":{"0":[6],"1":[6],"2":[6],"3":[6],"4":[4,1,1]},"meta":{"lastBranch":5,"lastFunction":1,"lastStatement":10,"seen":{"s:15:45:54:Infinity":0,"f:15:45:15:46":0,"b:18:11:18:19":0,"b:19:14:19:23":1,"b:20:16:20:18":2,"b:21:15:21:20":3,"s:28:22:28:Infinity":1,"s:31:23:31:Infinity":2,"b:33:8:35:Infinity:36:8:38:Infinity:39:8:41:Infinity":4,"s:32:4:42:Infinity":3,"s:34:12:34:Infinity":4,"s:35:12:35:Infinity":5,"s:37:12:37:Infinity":6,"s:38:12:38:Infinity":7,"s:40:12:40:Infinity":8,"s:41:12:41:Infinity":9}}}
,"C:\\Fullstack II\\PASTELERIA_ACTU\\MilSabores-React-I\\src\\components\\ui\\common\\InputField.tsx": {"path":"C:\\Fullstack II\\PASTELERIA_ACTU\\MilSabores-React-I\\src\\components\\ui\\common\\InputField.tsx","statementMap":{"0":{"start":{"line":21,"column":53},"end":{"line":65,"column":null}}},"fnMap":{"0":{"name":"(anonymous_0)","decl":{"start":{"line":21,"column":53},"end":{"line":21,"column":54}},"loc":{"start":{"line":33,"column":1},"end":{"line":65,"column":null}},"line":33}},"branchMap":{"0":{"loc":{"start":{"line":28,"column":4},"end":{"line":28,"column":18}},"type":"default-arg","locations":[{"start":{"line":28,"column":16},"end":{"line":28,"column":18}}],"line":28},"1":{"loc":{"start":{"line":60,"column":18},"end":{"line":60,"column":null}},"type":"cond-expr","locations":[{"start":{"line":60,"column":26},"end":{"line":60,"column":64}},{"start":{"line":60,"column":64},"end":{"line":60,"column":null}}],"line":60}},"s":{"0":1},"f":{"0":0},"b":{"0":[0],"1":[0,0]},"meta":{"lastBranch":2,"lastFunction":1,"lastStatement":1,"seen":{"s:21:53:65:Infinity":0,"f:21:53:21:54":0,"b:28:16:28:18":0,"b:60:26:60:64:60:64:60:Infinity":1}}}
,"C:\\Fullstack II\\PASTELERIA_ACTU\\MilSabores-React-I\\src\\components\\ui\\common\\SelectField.tsx": {"path":"C:\\Fullstack II\\PASTELERIA_ACTU\\MilSabores-React-I\\src\\components\\ui\\common\\SelectField.tsx","statementMap":{"0":{"start":{"line":24,"column":55},"end":{"line":67,"column":null}}},"fnMap":{"0":{"name":"(anonymous_0)","decl":{"start":{"line":24,"column":55},"end":{"line":24,"column":56}},"loc":{"start":{"line":32,"column":1},"end":{"line":67,"column":null}},"line":32}},"branchMap":{"0":{"loc":{"start":{"line":30,"column":4},"end":{"line":30,"column":18}},"type":"default-arg","locations":[{"start":{"line":30,"column":16},"end":{"line":30,"column":18}}],"line":30},"1":{"loc":{"start":{"line":53,"column":22},"end":{"line":55,"column":64}},"type":"cond-expr","locations":[{"start":{"line":54,"column":26},"end":{"line":54,"column":null}},{"start":{"line":55,"column":26},"end":{"line":55,"column":64}}],"line":53}},"s":{"0":1},"f":{"0":2},"b":{"0":[2],"1":[1,1]},"meta":{"lastBranch":2,"lastFunction":1,"lastStatement":1,"seen":{"s:24:55:67:Infinity":0,"f:24:55:24:56":0,"b:30:16:30:18":0,"b:54:26:54:Infinity:55:26:55:64":1}}}
,"C:\\Fullstack II\\PASTELERIA_ACTU\\MilSabores-React-I\\src\\utils\\formatters.ts": {"path":"C:\\Fullstack II\\PASTELERIA_ACTU\\MilSabores-React-I\\src\\utils\\formatters.ts","statementMap":{"0":{"start":{"line":4,"column":4},"end":{"line":8,"column":null}},"1":{"start":{"line":12,"column":4},"end":{"line":14,"column":null}},"2":{"start":{"line":13,"column":4},"end":{"line":13,"column":null}},"3":{"start":{"line":15,"column":50},"end":{"line":24,"column":null}},"4":{"start":{"line":25,"column":4},"end":{"line":25,"column":null}},"5":{"start":{"line":29,"column":49},"end":{"line":33,"column":null}},"6":{"start":{"line":35,"column":4},"end":{"line":35,"column":null}},"7":{"start":{"line":35,"column":18},"end":{"line":35,"column":null}},"8":{"start":{"line":37,"column":26},"end":{"line":39,"column":null}},"9":{"start":{"line":41,"column":4},"end":{"line":41,"column":null}},"10":{"start":{"line":45,"column":4},"end":{"line":47,"column":null}},"11":{"start":{"line":46,"column":4},"end":{"line":46,"column":null}},"12":{"start":{"line":48,"column":50},"end":{"line":53,"column":null}},"13":{"start":{"line":54,"column":4},"end":{"line":54,"column":null}}},"fnMap":{"0":{"name":"formatearPrecio","decl":{"start":{"line":3,"column":16},"end":{"line":3,"column":32}},"loc":{"start":{"line":3,"column":46},"end":{"line":9,"column":null}},"line":3},"1":{"name":"obtenerNombreCategoria","decl":{"start":{"line":11,"column":16},"end":{"line":11,"column":39}},"loc":{"start":{"line":11,"column":56},"end":{"line":26,"column":null}},"line":11},"2":{"name":"formatearFecha","decl":{"start":{"line":28,"column":16},"end":{"line":28,"column":31}},"loc":{"start":{"line":28,"column":47},"end":{"line":42,"column":null}},"line":28},"3":{"name":"obtenerNombreCategoriaBlog","decl":{"start":{"line":44,"column":16},"end":{"line":44,"column":43}},"loc":{"start":{"line":44,"column":60},"end":{"line":55,"column":null}},"line":44}},"branchMap":{"0":{"loc":{"start":{"line":12,"column":4},"end":{"line":14,"column":null}},"type":"if","locations":[{"start":{"line":12,"column":4},"end":{"line":14,"column":null}},{"start":{},"end":{}}],"line":12},"1":{"loc":{"start":{"line":25,"column":11},"end":{"line":25,"column":null}},"type":"binary-expr","locations":[{"start":{"line":25,"column":11},"end":{"line":25,"column":32}},{"start":{"line":25,"column":36},"end":{"line":25,"column":null}}],"line":25},"2":{"loc":{"start":{"line":35,"column":4},"end":{"line":35,"column":null}},"type":"if","locations":[{"start":{"line":35,"column":4},"end":{"line":35,"column":null}},{"start":{},"end":{}}],"line":35},"3":{"loc":{"start":{"line":37,"column":26},"end":{"line":39,"column":null}},"type":"cond-expr","locations":[{"start":{"line":38,"column":6},"end":{"line":38,"column":null}},{"start":{"line":39,"column":6},"end":{"line":39,"column":null}}],"line":37},"4":{"loc":{"start":{"line":45,"column":4},"end":{"line":47,"column":null}},"type":"if","locations":[{"start":{"line":45,"column":4},"end":{"line":47,"column":null}},{"start":{},"end":{}}],"line":45},"5":{"loc":{"start":{"line":54,"column":11},"end":{"line":54,"column":null}},"type":"binary-expr","locations":[{"start":{"line":54,"column":11},"end":{"line":54,"column":32}},{"start":{"line":54,"column":36},"end":{"line":54,"column":null}}],"line":54}},"s":{"0":19,"1":4,"2":1,"3":3,"4":3,"5":3,"6":3,"7":1,"8":2,"9":3,"10":4,"11":1,"12":3,"13":3},"f":{"0":19,"1":4,"2":3,"3":4},"b":{"0":[1,3],"1":[3,1],"2":[1,2],"3":[1,1],"4":[1,3],"5":[3,1]},"meta":{"lastBranch":6,"lastFunction":4,"lastStatement":14,"seen":{"f:3:16:3:32":0,"s:4:4:8:Infinity":0,"f:11:16:11:39":1,"b:12:4:14:Infinity:undefined:undefined:undefined:undefined":0,"s:12:4:14:Infinity":1,"s:13:4:13:Infinity":2,"s:15:50:24:Infinity":3,"s:25:4:25:Infinity":4,"b:25:11:25:32:25:36:25:Infinity":1,"f:28:16:28:31":2,"s:29:49:33:Infinity":5,"b:35:4:35:Infinity:undefined:undefined:undefined:undefined":2,"s:35:4:35:Infinity":6,"s:35:18:35:Infinity":7,"s:37:26:39:Infinity":8,"b:38:6:38:Infinity:39:6:39:Infinity":3,"s:41:4:41:Infinity":9,"f:44:16:44:43":3,"b:45:4:47:Infinity:undefined:undefined:undefined:undefined":4,"s:45:4:47:Infinity":10,"s:46:4:46:Infinity":11,"s:48:50:53:Infinity":12,"s:54:4:54:Infinity":13,"b:54:11:54:32:54:36:54:Infinity":5}}}
}
